Warning: You are sending unauthenticated requests to the HF Hub. Please set a HF_TOKEN to enable higher rate limits and faster downloads.
profiling 4 video(s) with sample_fps=1.0
Loading weights:   0%|          | 0/100 [00:00<?, ?it/s]Loading weights: 100%|██████████| 100/100 [00:00<00:00, 6437.03it/s]
[transformers] [1mDistilBertModel LOAD REPORT[0m from: distilbert-base-uncased
Key                     | Status     |  | 
------------------------+------------+--+-
vocab_transform.bias    | UNEXPECTED |  | 
vocab_layer_norm.bias   | UNEXPECTED |  | 
vocab_projector.bias    | UNEXPECTED |  | 
vocab_layer_norm.weight | UNEXPECTED |  | 
vocab_transform.weight  | UNEXPECTED |  | 

Notes:
- UNEXPECTED:	can be ignored when loading from different task/architecture; not ok if you expect identical arch.
Loading weights:   0%|          | 0/167 [00:00<?, ?it/s]Loading weights: 100%|██████████| 167/167 [00:00<00:00, 4968.18it/s]
Loading weights:   0%|          | 0/198 [00:00<?, ?it/s]Loading weights: 100%|██████████| 198/198 [00:00<00:00, 24125.50it/s]
[transformers] [1mViTModel LOAD REPORT[0m from: facebook/dino-vits16
Key                 | Status  | 
--------------------+---------+-
pooler.dense.weight | MISSING | 
pooler.dense.bias   | MISSING | 

Notes:
- MISSING:	those params were newly initialized because missing from the checkpoint. Consider training on your downstream task.
[pipeline] ASR engine: mlx
/Users/matthewesparza/Desktop/iab-content-classifier/.venv/lib/python3.12/site-packages/torch/utils/data/dataloader.py:775: UserWarning: 'pin_memory' argument is set as true but not supported on MPS now, device pinned memory won't be used.
  super().__init__(loader)
device: mps
Fetching 4 files:   0%|          | 0/4 [00:00<?, ?it/s]Fetching 4 files: 100%|██████████| 4/4 [00:00<00:00, 40427.03it/s]
/Users/matthewesparza/Desktop/iab-content-classifier/.venv/lib/python3.12/site-packages/torch/utils/data/dataloader.py:775: UserWarning: 'pin_memory' argument is set as true but not supported on MPS now, device pinned memory won't be used.
  super().__init__(loader)
/Users/matthewesparza/Desktop/iab-content-classifier/.venv/lib/python3.12/site-packages/torch/utils/data/dataloader.py:775: UserWarning: 'pin_memory' argument is set as true but not supported on MPS now, device pinned memory won't be used.
  super().__init__(loader)
/Users/matthewesparza/Desktop/iab-content-classifier/.venv/lib/python3.12/site-packages/torch/utils/data/dataloader.py:775: UserWarning: 'pin_memory' argument is set as true but not supported on MPS now, device pinned memory won't be used.
  super().__init__(loader)
[1/4] testvideo.mp4  wall=45.40s  frames=66  ocr_calls=18
[2/4] testvideo_copy1.mp4  wall=39.59s  frames=66  ocr_calls=18
[3/4] testvideo_copy2.mp4  wall=38.94s  frames=66  ocr_calls=18
[4/4] testvideo_copy3.mp4  wall=41.59s  frames=66  ocr_calls=18

stage                     total_s     mean_s   median_s   n
-----------------------------------------------------------------
ocr_s                      120.55    30.138    29.201    4
iter_frames_s               16.12     4.031     3.992    4
encode_video_s              12.08     3.019     3.012    4
transcribe_s                 7.44     1.860     1.789    4
encode_text_s                3.08     0.771     0.752    4
dedup_s                      2.49     0.622     0.621    4
encode_audio_s               1.71     0.427     0.425    4
extract_audio_s              0.65     0.162     0.153    4
wall_s (sum)               165.52    41.380    40.590    4

total elapsed: 165.5s
baseline → data/profile_postmlx.json
