Warning: You are sending unauthenticated requests to the HF Hub. Please set a HF_TOKEN to enable higher rate limits and faster downloads.
profiling 4 video(s) with sample_fps=1.0
Loading weights:   0%|          | 0/100 [00:00<?, ?it/s]Loading weights: 100%|██████████| 100/100 [00:00<00:00, 5097.91it/s]
[transformers] [1mDistilBertModel LOAD REPORT[0m from: distilbert-base-uncased
Key                     | Status     |  | 
------------------------+------------+--+-
vocab_layer_norm.bias   | UNEXPECTED |  | 
vocab_transform.bias    | UNEXPECTED |  | 
vocab_projector.bias    | UNEXPECTED |  | 
vocab_transform.weight  | UNEXPECTED |  | 
vocab_layer_norm.weight | UNEXPECTED |  | 

Notes:
- UNEXPECTED:	can be ignored when loading from different task/architecture; not ok if you expect identical arch.
Loading weights:   0%|          | 0/167 [00:00<?, ?it/s]Loading weights:  31%|███       | 52/167 [00:00<00:00, 433.04it/s]Loading weights: 100%|██████████| 167/167 [00:00<00:00, 1304.37it/s]
Loading weights:   0%|          | 0/198 [00:00<?, ?it/s]Loading weights: 100%|██████████| 198/198 [00:00<00:00, 79999.25it/s]
[transformers] [1mViTModel LOAD REPORT[0m from: facebook/dino-vits16
Key                 | Status  | 
--------------------+---------+-
pooler.dense.bias   | MISSING | 
pooler.dense.weight | MISSING | 

Notes:
- MISSING:	those params were newly initialized because missing from the checkpoint. Consider training on your downstream task.
Loading weights:   0%|          | 0/167 [00:00<?, ?it/s]Loading weights: 100%|██████████| 167/167 [00:00<00:00, 10136.59it/s]
/Users/matthewesparza/Desktop/iab-content-classifier/.venv/lib/python3.12/site-packages/torch/utils/data/dataloader.py:775: UserWarning: 'pin_memory' argument is set as true but not supported on MPS now, device pinned memory won't be used.
  super().__init__(loader)
[transformers] Using custom `forced_decoder_ids` from the (generation) config. This is deprecated in favor of the `task` and `language` flags/config options.
[transformers] Transcription using a multilingual Whisper will default to language detection followed by transcription instead of translation to English. This might be a breaking change for your use case. If you want to instead always translate your audio to English, make sure to pass `language='en'`. See https://github.com/huggingface/transformers/pull/28687 for more details.
[transformers] A custom logits processor of type <class 'transformers.generation.logits_process.SuppressTokensLogitsProcessor'> has been passed to `.generate()`, but it was also created in `.generate()`, given its parameterization. The custom <class 'transformers.generation.logits_process.SuppressTokensLogitsProcessor'> will take precedence. Please check the docstring of <class 'transformers.generation.logits_process.SuppressTokensLogitsProcessor'> to see related `.generate()` flags.
[transformers] A custom logits processor of type <class 'transformers.generation.logits_process.SuppressTokensAtBeginLogitsProcessor'> has been passed to `.generate()`, but it was also created in `.generate()`, given its parameterization. The custom <class 'transformers.generation.logits_process.SuppressTokensAtBeginLogitsProcessor'> will take precedence. Please check the docstring of <class 'transformers.generation.logits_process.SuppressTokensAtBeginLogitsProcessor'> to see related `.generate()` flags.
/Users/matthewesparza/Desktop/iab-content-classifier/.venv/lib/python3.12/site-packages/torch/utils/data/dataloader.py:775: UserWarning: 'pin_memory' argument is set as true but not supported on MPS now, device pinned memory won't be used.
  super().__init__(loader)
/Users/matthewesparza/Desktop/iab-content-classifier/.venv/lib/python3.12/site-packages/torch/utils/data/dataloader.py:775: UserWarning: 'pin_memory' argument is set as true but not supported on MPS now, device pinned memory won't be used.
  super().__init__(loader)
/Users/matthewesparza/Desktop/iab-content-classifier/.venv/lib/python3.12/site-packages/torch/utils/data/dataloader.py:775: UserWarning: 'pin_memory' argument is set as true but not supported on MPS now, device pinned memory won't be used.
  super().__init__(loader)
device: mps
[1/4] testvideo.mp4  wall=63.63s  frames=66  ocr_calls=18
[2/4] testvideo_copy1.mp4  wall=54.64s  frames=66  ocr_calls=18
[3/4] testvideo_copy2.mp4  wall=58.43s  frames=66  ocr_calls=18
[4/4] testvideo_copy3.mp4  wall=59.48s  frames=66  ocr_calls=18

stage                     total_s     mean_s   median_s   n
-----------------------------------------------------------------
ocr_s                      140.19    35.049    34.845    4
transcribe_s                59.68    14.920    15.072    4
iter_frames_s               16.46     4.114     4.068    4
encode_video_s              13.53     3.382     3.374    4
dedup_s                      2.39     0.598     0.600    4
extract_audio_s              0.92     0.230     0.204    4
encode_audio_s               0.48     0.120     0.114    4
encode_text_s                0.25     0.062     0.065    4
wall_s (sum)               236.18    59.046    58.955    4

total elapsed: 236.2s
baseline → data/profile_postdedup.json
